<?xml version="1.0" encoding="UTF-8"?>
<testng-results ignored="0" total="1" passed="1" failed="0" skipped="0">
  <reporter-output>
  </reporter-output>
  <suite started-at="2025-09-21T22:02:33 WIB" name="Register Test" finished-at="2025-09-21T22:03:36 WIB" duration-ms="62599">
    <groups>
    </groups>
    <test started-at="2025-09-21T22:02:33 WIB" name="registerUserTest" finished-at="2025-09-21T22:03:36 WIB" duration-ms="62599">
      <class name="com.juaracoding.traveltest.AppTest">
        <test-method is-config="true" signature="beforeMethod()[pri:0, instance:com.juaracoding.traveltest.AppTest@21de60b4]" started-at="2025-09-21T22:02:33 WIB" name="beforeMethod" finished-at="2025-09-21T22:03:25 WIB" duration-ms="51570" status="PASS">
          <reporter-output>
          </reporter-output>
        </test-method> <!-- beforeMethod -->
        <test-method signature="registerUserTest()[pri:0, instance:com.juaracoding.traveltest.AppTest@21de60b4]" started-at="2025-09-21T22:03:25 WIB" name="registerUserTest" finished-at="2025-09-21T22:03:34 WIB" duration-ms="9512" status="PASS">
          <reporter-output>
          </reporter-output>
        </test-method> <!-- registerUserTest -->
        <test-method is-config="true" signature="closebrowser()[pri:0, instance:com.juaracoding.traveltest.AppTest@21de60b4]" started-at="2025-09-21T22:03:34 WIB" name="closebrowser" finished-at="2025-09-21T22:03:36 WIB" duration-ms="1482" status="PASS">
          <reporter-output>
          </reporter-output>
        </test-method> <!-- closebrowser -->
      </class> <!-- com.juaracoding.traveltest.AppTest -->
    </test> <!-- registerUserTest -->
  </suite> <!-- Register Test -->
</testng-results>
